TN:
SF:src/storage.ts
FN:6,downloadFromGcs
FN:23,uploadToGcs
FN:39,initLocalDirectory
FN:46,deleteLocalFile
FN:47,(anonymous_14)
FN:49,(anonymous_15)
FN:62,deleteLocalFiles
FNF:7
FNH:7
FNDA:1,downloadFromGcs
FNDA:1,uploadToGcs
FNDA:2,initLocalDirectory
FNDA:6,deleteLocalFile
FNDA:6,(anonymous_14)
FNDA:2,(anonymous_15)
FNDA:2,deleteLocalFiles
DA:1,1
DA:2,1
DA:4,1
DA:6,1
DA:11,1
DA:13,1
DA:20,1
DA:23,1
DA:28,1
DA:29,1
DA:31,1
DA:34,1
DA:36,1
DA:39,1
DA:40,2
DA:41,1
DA:42,1
DA:46,1
DA:47,6
DA:48,6
DA:49,2
DA:50,2
DA:51,1
DA:53,1
DA:57,4
DA:62,1
DA:63,2
LF:27
LH:27
BRDA:40,0,0,1
BRDA:48,1,0,2
BRDA:48,1,1,4
BRDA:50,2,0,1
BRDA:50,2,1,1
BRF:5
BRH:5
end_of_record
TN:
SF:src/videoProcessing.ts
FN:5,scaleVideo
FN:10,(anonymous_2)
FN:21,(anonymous_3)
FN:26,(anonymous_4)
FNF:4
FNH:4
FNDA:3,scaleVideo
FNDA:3,(anonymous_2)
FNDA:1,(anonymous_3)
FNDA:1,(anonymous_4)
DA:1,1
DA:2,1
DA:5,1
DA:10,3
DA:11,3
DA:12,1
DA:13,1
DA:16,2
DA:20,2
DA:22,1
DA:27,1
LF:11
LH:11
BRDA:8,0,0,3
BRDA:11,1,0,1
BRF:2
BRH:2
end_of_record
