{"/Users/mattheworford/Documents/GitHub/youtube-clone/src/storage.ts": {"path":"/Users/mattheworford/Documents/GitHub/youtube-clone/src/storage.ts","statementMap":{"0":{"start":{"line":1,"column":0},"end":{"line":1,"column":48}},"1":{"start":{"line":2,"column":0},"end":{"line":2,"column":20}},"2":{"start":{"line":4,"column":16},"end":{"line":4,"column":29}},"3":{"start":{"line":11,"column":18},"end":{"line":11,"column":50}},"4":{"start":{"line":13,"column":2},"end":{"line":18,"column":7}},"5":{"start":{"line":20,"column":2},"end":{"line":20,"column":75}},"6":{"start":{"line":6,"column":0},"end":{"line":6,"column":22}},"7":{"start":{"line":28,"column":18},"end":{"line":28,"column":50}},"8":{"start":{"line":29,"column":17},"end":{"line":29,"column":43}},"9":{"start":{"line":31,"column":2},"end":{"line":33,"column":5}},"10":{"start":{"line":34,"column":2},"end":{"line":34,"column":76}},"11":{"start":{"line":36,"column":2},"end":{"line":36,"column":43}},"12":{"start":{"line":23,"column":0},"end":{"line":23,"column":22}},"13":{"start":{"line":40,"column":2},"end":{"line":43,"column":3}},"14":{"start":{"line":41,"column":4},"end":{"line":41,"column":44}},"15":{"start":{"line":42,"column":4},"end":{"line":42,"column":48}},"16":{"start":{"line":39,"column":0},"end":{"line":39,"column":16}},"17":{"start":{"line":47,"column":2},"end":{"line":59,"column":5}},"18":{"start":{"line":48,"column":4},"end":{"line":58,"column":5}},"19":{"start":{"line":49,"column":6},"end":{"line":55,"column":9}},"20":{"start":{"line":50,"column":8},"end":{"line":54,"column":9}},"21":{"start":{"line":51,"column":10},"end":{"line":51,"column":22}},"22":{"start":{"line":53,"column":10},"end":{"line":53,"column":20}},"23":{"start":{"line":57,"column":6},"end":{"line":57,"column":16}},"24":{"start":{"line":46,"column":0},"end":{"line":46,"column":16}},"25":{"start":{"line":63,"column":2},"end":{"line":63,"column":52}},"26":{"start":{"line":62,"column":0},"end":{"line":62,"column":22}}},"fnMap":{"0":{"name":"downloadFromGcs","decl":{"start":{"line":6,"column":22},"end":{"line":6,"column":37}},"loc":{"start":{"line":9,"column":21},"end":{"line":21,"column":null}}},"1":{"name":"uploadToGcs","decl":{"start":{"line":23,"column":22},"end":{"line":23,"column":33}},"loc":{"start":{"line":26,"column":20},"end":{"line":37,"column":null}}},"2":{"name":"initLocalDirectory","decl":{"start":{"line":39,"column":16},"end":{"line":39,"column":34}},"loc":{"start":{"line":39,"column":47},"end":{"line":44,"column":1}}},"3":{"name":"deleteLocalFile","decl":{"start":{"line":46,"column":16},"end":{"line":46,"column":31}},"loc":{"start":{"line":46,"column":48},"end":{"line":60,"column":1}}},"4":{"name":"(anonymous_14)","decl":{"start":{"line":47,"column":21},"end":{"line":47,"column":22}},"loc":{"start":{"line":47,"column":41},"end":{"line":59,"column":3}}},"5":{"name":"(anonymous_15)","decl":{"start":{"line":49,"column":26},"end":{"line":49,"column":27}},"loc":{"start":{"line":49,"column":34},"end":{"line":55,"column":7}}},"6":{"name":"deleteLocalFiles","decl":{"start":{"line":62,"column":22},"end":{"line":62,"column":38}},"loc":{"start":{"line":62,"column":58},"end":{"line":64,"column":null}}}},"branchMap":{"0":{"loc":{"start":{"line":40,"column":2},"end":{"line":43,"column":3}},"type":"if","locations":[{"start":{"line":40,"column":2},"end":{"line":43,"column":3}}]},"1":{"loc":{"start":{"line":48,"column":4},"end":{"line":58,"column":5}},"type":"if","locations":[{"start":{"line":48,"column":4},"end":{"line":58,"column":5}},{"start":{"line":56,"column":11},"end":{"line":58,"column":5}}]},"2":{"loc":{"start":{"line":50,"column":8},"end":{"line":54,"column":9}},"type":"if","locations":[{"start":{"line":50,"column":8},"end":{"line":54,"column":9}},{"start":{"line":52,"column":15},"end":{"line":54,"column":9}}]}},"s":{"0":1,"1":1,"2":1,"3":1,"4":1,"5":1,"6":1,"7":1,"8":1,"9":1,"10":1,"11":1,"12":1,"13":2,"14":1,"15":1,"16":1,"17":6,"18":6,"19":2,"20":2,"21":1,"22":1,"23":4,"24":1,"25":2,"26":1},"f":{"0":1,"1":1,"2":2,"3":6,"4":6,"5":2,"6":2},"b":{"0":[1],"1":[2,4],"2":[1,1]}}
,"/Users/mattheworford/Documents/GitHub/youtube-clone/src/videoProcessing.ts": {"path":"/Users/mattheworford/Documents/GitHub/youtube-clone/src/videoProcessing.ts","statementMap":{"0":{"start":{"line":1,"column":0},"end":{"line":1,"column":54}},"1":{"start":{"line":2,"column":0},"end":{"line":2,"column":20}},"2":{"start":{"line":10,"column":2},"end":{"line":29,"column":5}},"3":{"start":{"line":11,"column":4},"end":{"line":14,"column":5}},"4":{"start":{"line":12,"column":6},"end":{"line":12,"column":52}},"5":{"start":{"line":13,"column":6},"end":{"line":13,"column":13}},"6":{"start":{"line":16,"column":41},"end":{"line":18,"column":27}},"7":{"start":{"line":20,"column":4},"end":{"line":28,"column":9}},"8":{"start":{"line":22,"column":8},"end":{"line":24,"column":10}},"9":{"start":{"line":27,"column":8},"end":{"line":27,"column":52}},"10":{"start":{"line":5,"column":0},"end":{"line":5,"column":16}}},"fnMap":{"0":{"name":"scaleVideo","decl":{"start":{"line":5,"column":16},"end":{"line":5,"column":26}},"loc":{"start":{"line":8,"column":22},"end":{"line":30,"column":1}}},"1":{"name":"(anonymous_2)","decl":{"start":{"line":10,"column":21},"end":{"line":10,"column":22}},"loc":{"start":{"line":10,"column":41},"end":{"line":29,"column":3}}},"2":{"name":"(anonymous_3)","decl":{"start":{"line":21,"column":17},"end":{"line":21,"column":20}},"loc":{"start":{"line":21,"column":22},"end":{"line":25,"column":7}}},"3":{"name":"(anonymous_4)","decl":{"start":{"line":26,"column":19},"end":{"line":26,"column":20}},"loc":{"start":{"line":26,"column":34},"end":{"line":28,"column":7}}}},"branchMap":{"0":{"loc":{"start":{"line":8,"column":2},"end":{"line":8,"column":22}},"type":"default-arg","locations":[{"start":{"line":8,"column":19},"end":{"line":8,"column":22}}]},"1":{"loc":{"start":{"line":11,"column":4},"end":{"line":14,"column":5}},"type":"if","locations":[{"start":{"line":11,"column":4},"end":{"line":14,"column":5}}]}},"s":{"0":1,"1":1,"2":3,"3":3,"4":1,"5":1,"6":2,"7":2,"8":1,"9":1,"10":1},"f":{"0":3,"1":3,"2":1,"3":1},"b":{"0":[3],"1":[1]}}
}
