{"/Users/mattheworford/Documents/GitHub/youtube-clone/src/videoProcessing.ts": {"path":"/Users/mattheworford/Documents/GitHub/youtube-clone/src/videoProcessing.ts","statementMap":{"0":{"start":{"line":1,"column":0},"end":{"line":1,"column":54}},"1":{"start":{"line":2,"column":0},"end":{"line":2,"column":20}},"2":{"start":{"line":10,"column":2},"end":{"line":29,"column":5}},"3":{"start":{"line":11,"column":4},"end":{"line":14,"column":5}},"4":{"start":{"line":12,"column":6},"end":{"line":12,"column":52}},"5":{"start":{"line":13,"column":6},"end":{"line":13,"column":13}},"6":{"start":{"line":16,"column":41},"end":{"line":18,"column":27}},"7":{"start":{"line":20,"column":4},"end":{"line":28,"column":9}},"8":{"start":{"line":22,"column":8},"end":{"line":24,"column":10}},"9":{"start":{"line":27,"column":8},"end":{"line":27,"column":52}},"10":{"start":{"line":5,"column":0},"end":{"line":5,"column":16}}},"fnMap":{"0":{"name":"scaleVideo","decl":{"start":{"line":5,"column":16},"end":{"line":5,"column":26}},"loc":{"start":{"line":8,"column":22},"end":{"line":30,"column":1}}},"1":{"name":"(anonymous_2)","decl":{"start":{"line":10,"column":21},"end":{"line":10,"column":22}},"loc":{"start":{"line":10,"column":41},"end":{"line":29,"column":3}}},"2":{"name":"(anonymous_3)","decl":{"start":{"line":21,"column":17},"end":{"line":21,"column":20}},"loc":{"start":{"line":21,"column":22},"end":{"line":25,"column":7}}},"3":{"name":"(anonymous_4)","decl":{"start":{"line":26,"column":19},"end":{"line":26,"column":20}},"loc":{"start":{"line":26,"column":34},"end":{"line":28,"column":7}}}},"branchMap":{"0":{"loc":{"start":{"line":8,"column":2},"end":{"line":8,"column":22}},"type":"default-arg","locations":[{"start":{"line":8,"column":19},"end":{"line":8,"column":22}}]},"1":{"loc":{"start":{"line":11,"column":4},"end":{"line":14,"column":5}},"type":"if","locations":[{"start":{"line":11,"column":4},"end":{"line":14,"column":5}}]}},"s":{"0":1,"1":1,"2":3,"3":3,"4":1,"5":1,"6":2,"7":2,"8":1,"9":1,"10":1},"f":{"0":3,"1":3,"2":1,"3":1},"b":{"0":[3],"1":[1]}}
}
