TN:
SF:src/storage.ts
FN:6,downloadFromGcs
FN:20,uploadToGcs
FN:35,deleteLocalFile
FN:36,(anonymous_13)
FN:38,(anonymous_14)
FN:51,initLocalDirectory
FNF:6
FNH:6
FNDA:1,downloadFromGcs
FNDA:1,uploadToGcs
FNDA:3,deleteLocalFile
FNDA:3,(anonymous_13)
FNDA:2,(anonymous_14)
FNDA:2,initLocalDirectory
DA:1,1
DA:2,1
DA:4,1
DA:6,1
DA:11,1
DA:13,1
DA:17,1
DA:20,1
DA:25,1
DA:27,1
DA:30,1
DA:32,1
DA:35,1
DA:36,3
DA:37,3
DA:38,2
DA:39,2
DA:40,1
DA:42,1
DA:46,1
DA:51,1
DA:52,2
DA:53,1
LF:23
LH:23
BRDA:37,0,0,2
BRDA:37,0,1,1
BRDA:39,1,0,1
BRDA:39,1,1,1
BRDA:52,2,0,1
BRF:5
BRH:5
end_of_record
TN:
SF:src/videoProcessing.ts
FN:5,scaleVideo
FN:10,(anonymous_2)
FN:21,(anonymous_3)
FN:26,(anonymous_4)
FNF:4
FNH:4
FNDA:3,scaleVideo
FNDA:3,(anonymous_2)
FNDA:1,(anonymous_3)
FNDA:1,(anonymous_4)
DA:1,1
DA:2,1
DA:5,1
DA:10,3
DA:11,3
DA:12,1
DA:13,1
DA:16,2
DA:20,2
DA:22,1
DA:27,1
LF:11
LH:11
BRDA:8,0,0,3
BRDA:11,1,0,1
BRF:2
BRH:2
end_of_record
